mode: set
github.com/prongbang/goclean/api/v1/promotion/domain/promotion_usecase.go:23.80,27.2 1 1
github.com/prongbang/goclean/api/v1/promotion/domain/promotion_usecase.go:29.62,30.42 1 1
github.com/prongbang/goclean/api/v1/promotion/domain/promotion_usecase.go:37.2,37.32 1 1
github.com/prongbang/goclean/api/v1/promotion/domain/promotion_usecase.go:30.42,35.3 3 1
github.com/prongbang/goclean/api/v1/promotion/domain/promotion_usecase.go:40.65,43.2 1 1
github.com/prongbang/goclean/api/v1/promotion/domain/promotion_usecase.go:45.66,48.2 1 1
github.com/prongbang/goclean/api/v1/promotion/data/repository/promotion_repos.go:21.84,25.2 1 1
github.com/prongbang/goclean/api/v1/promotion/data/repository/promotion_repos.go:27.67,30.2 1 1
github.com/prongbang/goclean/api/v1/promotion/data/repository/promotion_repos.go:32.70,35.2 1 1
github.com/prongbang/goclean/api/v1/promotion/data/repository/promotion_repos.go:37.71,40.2 1 1
github.com/prongbang/goclean/api/v1/promotion/data/datasource/promotion_datasource.go:10.39,14.2 1 1
github.com/prongbang/goclean/api/v1/promotion/data/datasource/promotion_datasource.go:34.68,38.2 1 1
github.com/prongbang/goclean/api/v1/promotion/data/datasource/promotion_datasource.go:40.67,42.17 1 1
github.com/prongbang/goclean/api/v1/promotion/data/datasource/promotion_datasource.go:49.2,49.54 1 1
github.com/prongbang/goclean/api/v1/promotion/data/datasource/promotion_datasource.go:42.17,47.3 2 1
github.com/prongbang/goclean/api/v1/promotion/data/datasource/promotion_datasource.go:52.70,55.38 2 1
github.com/prongbang/goclean/api/v1/promotion/data/datasource/promotion_datasource.go:59.2,59.18 1 1
github.com/prongbang/goclean/api/v1/promotion/data/datasource/promotion_datasource.go:55.38,57.3 1 1
github.com/prongbang/goclean/api/v1/promotion/data/datasource/promotion_datasource.go:62.71,65.19 2 1
github.com/prongbang/goclean/api/v1/promotion/data/datasource/promotion_datasource.go:70.2,70.62 1 1
github.com/prongbang/goclean/api/v1/promotion/data/datasource/promotion_datasource.go:65.19,68.3 1 1
github.com/prongbang/goclean/api/v1/promotion/gateway/handler/promotion_handler.go:25.76,30.2 1 1
github.com/prongbang/goclean/api/v1/promotion/gateway/handler/promotion_handler.go:32.54,34.43 2 1
github.com/prongbang/goclean/api/v1/promotion/gateway/handler/promotion_handler.go:40.2,40.50 1 1
github.com/prongbang/goclean/api/v1/promotion/gateway/handler/promotion_handler.go:46.2,46.46 1 1
github.com/prongbang/goclean/api/v1/promotion/gateway/handler/promotion_handler.go:34.43,38.3 1 1
github.com/prongbang/goclean/api/v1/promotion/gateway/handler/promotion_handler.go:40.50,44.3 1 1
github.com/prongbang/goclean/api/v1/promotion/gateway/handler/promotion_handler.go:49.57,54.2 2 1
github.com/prongbang/goclean/api/v1/promotion/gateway/handler/promotion_handler.go:56.54,58.14 2 1
github.com/prongbang/goclean/api/v1/promotion/gateway/handler/promotion_handler.go:68.2,70.4 1 1
github.com/prongbang/goclean/api/v1/promotion/gateway/handler/promotion_handler.go:58.14,60.31 2 1
github.com/prongbang/goclean/api/v1/promotion/gateway/handler/promotion_handler.go:60.31,62.18 2 1
github.com/prongbang/goclean/api/v1/promotion/gateway/handler/promotion_handler.go:65.4,65.43 1 1
github.com/prongbang/goclean/api/v1/promotion/gateway/handler/promotion_handler.go:62.18,64.5 1 1
github.com/prongbang/goclean/api/v1/promotion/gateway/route/promotion_route.go:18.73,22.2 1 1
github.com/prongbang/goclean/api/v1/promotion/gateway/route/promotion_route.go:24.48,29.2 4 1
