mode: set
github.com/prongbang/goclean/api/v1/promotion/domain/promotion_usecase.go:23.80,27.2 1 1
github.com/prongbang/goclean/api/v1/promotion/domain/promotion_usecase.go:29.62,30.42 1 1
github.com/prongbang/goclean/api/v1/promotion/domain/promotion_usecase.go:37.2,37.32 1 1
github.com/prongbang/goclean/api/v1/promotion/domain/promotion_usecase.go:30.42,35.3 3 1
github.com/prongbang/goclean/api/v1/promotion/domain/promotion_usecase.go:40.65,43.2 1 1
github.com/prongbang/goclean/api/v1/promotion/domain/promotion_usecase.go:45.66,48.2 1 1
github.com/prongbang/goclean/api/v1/promotion/data/datasource/promotion_datasource.go:10.39,14.2 1 1
github.com/prongbang/goclean/api/v1/promotion/data/datasource/promotion_datasource.go:34.68,38.2 1 1
github.com/prongbang/goclean/api/v1/promotion/data/datasource/promotion_datasource.go:40.67,42.17 1 1
github.com/prongbang/goclean/api/v1/promotion/data/datasource/promotion_datasource.go:49.2,49.54 1 1
github.com/prongbang/goclean/api/v1/promotion/data/datasource/promotion_datasource.go:42.17,47.3 2 1
github.com/prongbang/goclean/api/v1/promotion/data/datasource/promotion_datasource.go:52.70,55.38 2 1
github.com/prongbang/goclean/api/v1/promotion/data/datasource/promotion_datasource.go:59.2,59.18 1 1
github.com/prongbang/goclean/api/v1/promotion/data/datasource/promotion_datasource.go:55.38,57.3 1 1
github.com/prongbang/goclean/api/v1/promotion/data/datasource/promotion_datasource.go:62.71,65.19 2 1
github.com/prongbang/goclean/api/v1/promotion/data/datasource/promotion_datasource.go:70.2,70.62 1 1
github.com/prongbang/goclean/api/v1/promotion/data/datasource/promotion_datasource.go:65.19,68.3 1 1
github.com/prongbang/goclean/api/v1/promotion/data/repository/promotion_repos.go:21.84,25.2 1 1
github.com/prongbang/goclean/api/v1/promotion/data/repository/promotion_repos.go:27.67,30.2 1 1
github.com/prongbang/goclean/api/v1/promotion/data/repository/promotion_repos.go:32.70,35.2 1 1
github.com/prongbang/goclean/api/v1/promotion/data/repository/promotion_repos.go:37.71,40.2 1 1
github.com/prongbang/goclean/api/v1/promotion/gateway/route/promotion_route.go:18.73,22.2 1 1
github.com/prongbang/goclean/api/v1/promotion/gateway/route/promotion_route.go:24.48,29.2 4 1
github.com/prongbang/goclean/api/v1/promotion/gateway/handler/promotion_handler.go:26.76,30.2 1 1
github.com/prongbang/goclean/api/v1/promotion/gateway/handler/promotion_handler.go:42.54,44.43 2 1
github.com/prongbang/goclean/api/v1/promotion/gateway/handler/promotion_handler.go:50.2,50.50 1 1
github.com/prongbang/goclean/api/v1/promotion/gateway/handler/promotion_handler.go:56.2,56.46 1 1
github.com/prongbang/goclean/api/v1/promotion/gateway/handler/promotion_handler.go:44.43,48.3 1 1
github.com/prongbang/goclean/api/v1/promotion/gateway/handler/promotion_handler.go:50.50,54.3 1 1
github.com/prongbang/goclean/api/v1/promotion/gateway/handler/promotion_handler.go:66.57,71.2 2 1
github.com/prongbang/goclean/api/v1/promotion/gateway/handler/promotion_handler.go:83.54,84.35 1 1
github.com/prongbang/goclean/api/v1/promotion/gateway/handler/promotion_handler.go:96.2,98.4 1 1
github.com/prongbang/goclean/api/v1/promotion/gateway/handler/promotion_handler.go:84.35,86.31 2 1
github.com/prongbang/goclean/api/v1/promotion/gateway/handler/promotion_handler.go:86.31,88.18 2 1
github.com/prongbang/goclean/api/v1/promotion/gateway/handler/promotion_handler.go:91.4,93.6 1 1
github.com/prongbang/goclean/api/v1/promotion/gateway/handler/promotion_handler.go:88.18,90.5 1 1
