mode: atomic
github.com/prongbang/goclean/api/v1/promotion/data/repository/promotion_repos.go:21.84,25.2 1 1
github.com/prongbang/goclean/api/v1/promotion/data/repository/promotion_repos.go:27.67,30.2 1 3
github.com/prongbang/goclean/api/v1/promotion/data/repository/promotion_repos.go:32.70,35.2 1 1
github.com/prongbang/goclean/api/v1/promotion/data/repository/promotion_repos.go:37.71,40.2 1 1
github.com/prongbang/goclean/api/v1/promotion/data/datasource/promotion_datasource.go:8.39,12.2 1 1
github.com/prongbang/goclean/api/v1/promotion/data/datasource/promotion_datasource.go:32.68,36.2 1 1
github.com/prongbang/goclean/api/v1/promotion/data/datasource/promotion_datasource.go:38.67,43.2 2 3
github.com/prongbang/goclean/api/v1/promotion/data/datasource/promotion_datasource.go:45.70,48.38 2 1
github.com/prongbang/goclean/api/v1/promotion/data/datasource/promotion_datasource.go:52.2,52.18 1 1
github.com/prongbang/goclean/api/v1/promotion/data/datasource/promotion_datasource.go:48.38,50.3 1 1
github.com/prongbang/goclean/api/v1/promotion/data/datasource/promotion_datasource.go:55.71,58.2 1 1
github.com/prongbang/goclean/api/v1/promotion/domain/promotion_usecase.go:23.80,27.2 1 1
github.com/prongbang/goclean/api/v1/promotion/domain/promotion_usecase.go:29.62,30.42 1 3
github.com/prongbang/goclean/api/v1/promotion/domain/promotion_usecase.go:37.2,37.32 1 0
github.com/prongbang/goclean/api/v1/promotion/domain/promotion_usecase.go:30.42,35.3 3 3
github.com/prongbang/goclean/api/v1/promotion/domain/promotion_usecase.go:40.65,43.2 1 1
github.com/prongbang/goclean/api/v1/promotion/domain/promotion_usecase.go:45.66,48.2 1 4
github.com/prongbang/goclean/api/v1/promotion/gateway/handler/promotion_handler.go:25.76,30.2 1 1
github.com/prongbang/goclean/api/v1/promotion/gateway/handler/promotion_handler.go:32.54,34.43 2 3
github.com/prongbang/goclean/api/v1/promotion/gateway/handler/promotion_handler.go:40.2,40.50 1 3
github.com/prongbang/goclean/api/v1/promotion/gateway/handler/promotion_handler.go:46.2,46.46 1 3
github.com/prongbang/goclean/api/v1/promotion/gateway/handler/promotion_handler.go:34.43,38.3 1 0
github.com/prongbang/goclean/api/v1/promotion/gateway/handler/promotion_handler.go:40.50,44.3 1 0
github.com/prongbang/goclean/api/v1/promotion/gateway/handler/promotion_handler.go:49.57,52.16 2 1
github.com/prongbang/goclean/api/v1/promotion/gateway/handler/promotion_handler.go:55.2,55.51 1 0
github.com/prongbang/goclean/api/v1/promotion/gateway/handler/promotion_handler.go:52.16,54.3 1 1
github.com/prongbang/goclean/api/v1/promotion/gateway/handler/promotion_handler.go:58.54,60.14 2 1
github.com/prongbang/goclean/api/v1/promotion/gateway/handler/promotion_handler.go:70.2,72.4 1 0
github.com/prongbang/goclean/api/v1/promotion/gateway/handler/promotion_handler.go:60.14,62.31 2 1
github.com/prongbang/goclean/api/v1/promotion/gateway/handler/promotion_handler.go:62.31,64.18 2 1
github.com/prongbang/goclean/api/v1/promotion/gateway/handler/promotion_handler.go:67.4,67.43 1 0
github.com/prongbang/goclean/api/v1/promotion/gateway/handler/promotion_handler.go:64.18,66.5 1 1
